<?xml version="1.0" encoding="UTF-8"?>
<testsuite xmlns:xsi="http://www.w3.org/2001/XMLSchema-instance" xsi:noNamespaceSchemaLocation="https://maven.apache.org/surefire/maven-surefire-plugin/xsd/surefire-test-report-3.0.xsd" version="3.0" name="com.question.QuestionServiceApplicationTests" time="10.839" tests="1" errors="0" skipped="0" failures="0">
  <properties>
[...]
</properties>
  <testcase name="contextLoads" classname="com.question.QuestionServiceApplicationTests" time="0.78">
    <system-out><![CDATA[02:10:43.925 [main] INFO org.springframework.test.context.support.AnnotationConfigContextLoaderUtils -- Could not detect default configuration classes for test class [com.question.QuestionServiceApplicationTests]: QuestionServiceApplicationTests does not declare any static, non-private, non-final, nested classes annotated with @Configuration.
02:10:44.129 [main] INFO org.springframework.boot.test.context.SpringBootTestContextBootstrapper -- Found @SpringBootConfiguration com.question.QuestionServiceApplication for test class com.question.QuestionServiceApplicationTests
  .   ____          _            __ _ _
 /\\ / ___'_ __ _ _(_)_ __  __ _ \ \ \ \
( ( )\___ | '_ | '_| | '_ \/ _` | \ \ \ \
 \\/  ___)| |_)| | | | | || (_| |  ) ) ) )
  '  |____| .__|_| |_|_| |_\__, | / / / /
 =========|_|==============|___/=/_/_/_/

 :: Spring Boot ::                (v3.3.0)

2024-06-14T02:10:45.177+05:30  INFO 7604 --- [Question-Service] [           main] c.q.QuestionServiceApplicationTests      : Starting QuestionServiceApplicationTests using Java 17.0.3 with PID 7604 (started by Bhola Shankar Sahu in D:\Microservice\QuestionService)
2024-06-14T02:10:45.180+05:30  INFO 7604 --- [Question-Service] [           main] c.q.QuestionServiceApplicationTests      : No active profile set, falling back to 1 default profile: "default"
2024-06-14T02:10:46.540+05:30  INFO 7604 --- [Question-Service] [           main] .s.d.r.c.RepositoryConfigurationDelegate : Bootstrapping Spring Data JPA repositories in DEFAULT mode.
2024-06-14T02:10:46.848+05:30  INFO 7604 --- [Question-Service] [           main] .s.d.r.c.RepositoryConfigurationDelegate : Finished Spring Data repository scanning in 295 ms. Found 1 JPA repository interface.
2024-06-14T02:10:47.324+05:30  INFO 7604 --- [Question-Service] [           main] o.s.cloud.context.scope.GenericScope     : BeanFactory id=c31a104a-d516-3062-a149-4cc77c89598c
2024-06-14T02:10:47.582+05:30  WARN 7604 --- [Question-Service] [           main] trationDelegate$BeanPostProcessorChecker : Bean 'org.springframework.cloud.client.loadbalancer.LoadBalancerAutoConfiguration$DeferringLoadBalancerInterceptorConfig' of type [org.springframework.cloud.client.loadbalancer.LoadBalancerAutoConfiguration$DeferringLoadBalancerInterceptorConfig] is not eligible for getting processed by all BeanPostProcessors (for example: not eligible for auto-proxying). The currently created BeanPostProcessor [lbRestClientPostProcessor] is declared through a non-static factory method on that class; consider declaring it as static instead.
2024-06-14T02:10:47.587+05:30  WARN 7604 --- [Question-Service] [           main] trationDelegate$BeanPostProcessorChecker : Bean 'deferringLoadBalancerInterceptor' of type [org.springframework.cloud.client.loadbalancer.DeferringLoadBalancerInterceptor] is not eligible for getting processed by all BeanPostProcessors (for example: not eligible for auto-proxying). Is this bean getting eagerly injected into a currently created BeanPostProcessor [lbRestClientPostProcessor]? Check the corresponding BeanPostProcessor declaration and its dependencies.
2024-06-14T02:10:47.906+05:30  INFO 7604 --- [Question-Service] [           main] o.hibernate.jpa.internal.util.LogHelper  : HHH000204: Processing PersistenceUnitInfo [name: default]
2024-06-14T02:10:48.017+05:30  INFO 7604 --- [Question-Service] [           main] org.hibernate.Version                    : HHH000412: Hibernate ORM core version 6.5.2.Final
2024-06-14T02:10:48.072+05:30  INFO 7604 --- [Question-Service] [           main] o.h.c.internal.RegionFactoryInitiator    : HHH000026: Second-level cache disabled
2024-06-14T02:10:48.649+05:30  INFO 7604 --- [Question-Service] [           main] o.s.o.j.p.SpringPersistenceUnitInfo      : No LoadTimeWeaver setup: ignoring JPA class transformer
2024-06-14T02:10:48.694+05:30  INFO 7604 --- [Question-Service] [           main] com.zaxxer.hikari.HikariDataSource       : HikariPool-1 - Starting...
2024-06-14T02:10:49.311+05:30  INFO 7604 --- [Question-Service] [           main] com.zaxxer.hikari.pool.HikariPool        : HikariPool-1 - Added connection com.mysql.cj.jdbc.ConnectionImpl@13b29b34
2024-06-14T02:10:49.316+05:30  INFO 7604 --- [Question-Service] [           main] com.zaxxer.hikari.HikariDataSource       : HikariPool-1 - Start completed.
2024-06-14T02:10:50.808+05:30  INFO 7604 --- [Question-Service] [           main] o.h.e.t.j.p.i.JtaPlatformInitiator       : HHH000489: No JTA platform available (set 'hibernate.transaction.jta.platform' to enable JTA platform integration)
2024-06-14T02:10:50.861+05:30  INFO 7604 --- [Question-Service] [           main] j.LocalContainerEntityManagerFactoryBean : Initialized JPA EntityManagerFactory for persistence unit 'default'
2024-06-14T02:10:51.517+05:30  WARN 7604 --- [Question-Service] [           main] JpaBaseConfiguration$JpaWebConfiguration : spring.jpa.open-in-view is enabled by default. Therefore, database queries may be performed during view rendering. Explicitly configure spring.jpa.open-in-view to disable this warning
2024-06-14T02:10:52.669+05:30  INFO 7604 --- [Question-Service] [           main] DiscoveryClientOptionalArgsConfiguration : Eureka HTTP Client uses RestTemplate.
2024-06-14T02:10:52.745+05:30  WARN 7604 --- [Question-Service] [           main] iguration$LoadBalancerCaffeineWarnLogger : Spring Cloud LoadBalancer is currently working with the default cache. While this cache implementation is useful for development and tests, it's recommended to use Caffeine cache in production.You can switch to using Caffeine cache, by adding it and org.springframework.cache.caffeine.CaffeineCacheManager to the classpath.
2024-06-14T02:10:52.775+05:30  INFO 7604 --- [Question-Service] [           main] o.s.c.n.eureka.InstanceInfoFactory       : Setting initial instance status as: STARTING
2024-06-14T02:10:52.947+05:30  INFO 7604 --- [Question-Service] [           main] com.netflix.discovery.DiscoveryClient    : Initializing Eureka in region us-east-1
2024-06-14T02:10:52.956+05:30  INFO 7604 --- [Question-Service] [           main] c.n.d.s.r.aws.ConfigClusterResolver      : Resolving eureka endpoints via configuration
2024-06-14T02:10:53.003+05:30  INFO 7604 --- [Question-Service] [           main] com.netflix.discovery.DiscoveryClient    : Disable delta property : false
2024-06-14T02:10:53.004+05:30  INFO 7604 --- [Question-Service] [           main] com.netflix.discovery.DiscoveryClient    : Single vip registry refresh property : null
2024-06-14T02:10:53.004+05:30  INFO 7604 --- [Question-Service] [           main] com.netflix.discovery.DiscoveryClient    : Force full registry fetch : false
2024-06-14T02:10:53.004+05:30  INFO 7604 --- [Question-Service] [           main] com.netflix.discovery.DiscoveryClient    : Application is null : false
2024-06-14T02:10:53.004+05:30  INFO 7604 --- [Question-Service] [           main] com.netflix.discovery.DiscoveryClient    : Registered Applications size is zero : true
2024-06-14T02:10:53.004+05:30  INFO 7604 --- [Question-Service] [           main] com.netflix.discovery.DiscoveryClient    : Application version is -1: true
2024-06-14T02:10:53.004+05:30  INFO 7604 --- [Question-Service] [           main] com.netflix.discovery.DiscoveryClient    : Getting all instance registry info from the eureka server
2024-06-14T02:10:53.542+05:30  INFO 7604 --- [Question-Service] [           main] com.netflix.discovery.DiscoveryClient    : The response status is 200
2024-06-14T02:10:53.549+05:30  INFO 7604 --- [Question-Service] [           main] com.netflix.discovery.DiscoveryClient    : Starting heartbeat executor: renew interval is: 30
2024-06-14T02:10:53.553+05:30  INFO 7604 --- [Question-Service] [           main] c.n.discovery.InstanceInfoReplicator     : InstanceInfoReplicator onDemand update allowed rate per min is 4
2024-06-14T02:10:53.603+05:30  INFO 7604 --- [Question-Service] [           main] com.netflix.discovery.DiscoveryClient    : Discovery Client initialized at timestamp 1718311253558 with initial instances count: 1
2024-06-14T02:10:53.608+05:30  INFO 7604 --- [Question-Service] [           main] o.s.c.n.e.s.EurekaServiceRegistry        : Registering application QUESTION-SERVICE with eureka with status UP
2024-06-14T02:10:53.609+05:30  INFO 7604 --- [Question-Service] [           main] com.netflix.discovery.DiscoveryClient    : Saw local status change event StatusChangeEvent [timestamp=1718311253609, current=UP, previous=STARTING]
2024-06-14T02:10:53.614+05:30  INFO 7604 --- [Question-Service] [nfoReplicator-0] com.netflix.discovery.DiscoveryClient    : DiscoveryClient_QUESTION-SERVICE/192.168.1.43:Question-Service:8082: registering service...
2024-06-14T02:10:53.632+05:30  INFO 7604 --- [Question-Service] [           main] c.q.QuestionServiceApplicationTests      : Started QuestionServiceApplicationTests in 9.2 seconds (process running for 10.946)
2024-06-14T02:10:53.713+05:30  INFO 7604 --- [Question-Service] [nfoReplicator-0] com.netflix.discovery.DiscoveryClient    : DiscoveryClient_QUESTION-SERVICE/192.168.1.43:Question-Service:8082 - registration status: 204
]]></system-out>
  </testcase>
</testsuite>